{"/home/matheus/dev/TVmaze/src/assets/images/star.png": {"path":"/home/matheus/dev/TVmaze/src/assets/images/star.png","statementMap":{"0":{"start":{"line":1,"column":0},"end":{"line":4,"column":6}}},"fnMap":{},"branchMap":{},"s":{"0":1},"f":{},"b":{},"inputSourceMap":null,"_coverageSchema":"1a1c01bbd47fc00a2c39e90264f33305004495a9","hash":"cfcd42a1445b69aecc7565f7b4ac17fd553c098d"}
,"/home/matheus/dev/TVmaze/src/components/ImageIcon/ImageIcon.tsx": {"path":"/home/matheus/dev/TVmaze/src/components/ImageIcon/ImageIcon.tsx","statementMap":{"0":{"start":{"line":10,"column":2},"end":{"line":18,"column":4}}},"fnMap":{"0":{"name":"ImageIcon","decl":{"start":{"line":9,"column":16},"end":{"line":9,"column":25}},"loc":{"start":{"line":9,"column":70},"end":{"line":19,"column":1}},"line":9}},"branchMap":{"0":{"loc":{"start":{"line":9,"column":42},"end":{"line":9,"column":51}},"type":"default-arg","locations":[{"start":{"line":9,"column":49},"end":{"line":9,"column":51}}],"line":9}},"s":{"0":2},"f":{"0":2},"b":{"0":[2]},"_coverageSchema":"1a1c01bbd47fc00a2c39e90264f33305004495a9","hash":"4d3dcb30f7766e040c3953f34ae9a72f6070a2cd"}
,"/home/matheus/dev/TVmaze/src/components/StarRating/StarRating.tsx": {"path":"/home/matheus/dev/TVmaze/src/components/StarRating/StarRating.tsx","statementMap":{"0":{"start":{"line":8,"column":17},"end":{"line":8,"column":56}},"1":{"start":{"line":14,"column":2},"end":{"line":16,"column":3}},"2":{"start":{"line":15,"column":4},"end":{"line":15,"column":16}},"3":{"start":{"line":18,"column":2},"end":{"line":23,"column":4}},"4":{"start":{"line":26,"column":15},"end":{"line":35,"column":2}}},"fnMap":{"0":{"name":"StarRating","decl":{"start":{"line":13,"column":16},"end":{"line":13,"column":26}},"loc":{"start":{"line":13,"column":44},"end":{"line":24,"column":1}},"line":13}},"branchMap":{"0":{"loc":{"start":{"line":14,"column":2},"end":{"line":16,"column":3}},"type":"if","locations":[{"start":{"line":14,"column":2},"end":{"line":16,"column":3}},{"start":{},"end":{}}],"line":14}},"s":{"0":1,"1":2,"2":0,"3":2,"4":1},"f":{"0":2},"b":{"0":[0,2]},"_coverageSchema":"1a1c01bbd47fc00a2c39e90264f33305004495a9","hash":"d21d8f32379c82b4ee7828fa4c12e961e509edb5"}
,"/home/matheus/dev/TVmaze/src/models/CommonModels.ts": {"path":"/home/matheus/dev/TVmaze/src/models/CommonModels.ts","statementMap":{},"fnMap":{},"branchMap":{},"s":{},"f":{},"b":{},"_coverageSchema":"1a1c01bbd47fc00a2c39e90264f33305004495a9","hash":"a1798123305b802251584fd42c1b5b62675c0131"}
,"/home/matheus/dev/TVmaze/src/services/api.ts": {"path":"/home/matheus/dev/TVmaze/src/services/api.ts","statementMap":{"0":{"start":{"line":3,"column":24},"end":{"line":3,"column":49}},"1":{"start":{"line":5,"column":19},"end":{"line":7,"column":2}}},"fnMap":{},"branchMap":{},"s":{"0":1,"1":1},"f":{},"b":{},"_coverageSchema":"1a1c01bbd47fc00a2c39e90264f33305004495a9","hash":"fc21026d73133c21721e64779095066b54a80fca"}
,"/home/matheus/dev/TVmaze/src/styles/colors.ts": {"path":"/home/matheus/dev/TVmaze/src/styles/colors.ts","statementMap":{"0":{"start":{"line":1,"column":22},"end":{"line":9,"column":1}}},"fnMap":{},"branchMap":{},"s":{"0":1},"f":{},"b":{},"_coverageSchema":"1a1c01bbd47fc00a2c39e90264f33305004495a9","hash":"5a60f597e2f2cc6608e94a35290ace01f5dce7d6"}
,"/home/matheus/dev/TVmaze/test/mocks/showMocks.ts": {"path":"/home/matheus/dev/TVmaze/test/mocks/showMocks.ts","statementMap":{"0":{"start":{"line":5,"column":19},"end":{"line":34,"column":1}},"1":{"start":{"line":36,"column":26},"end":{"line":63,"column":1}},"2":{"start":{"line":65,"column":26},"end":{"line":92,"column":1}},"3":{"start":{"line":94,"column":27},"end":{"line":121,"column":1}},"4":{"start":{"line":123,"column":27},"end":{"line":150,"column":1}},"5":{"start":{"line":152,"column":20},"end":{"line":152,"column":62}},"6":{"start":{"line":154,"column":25},"end":{"line":161,"column":1}}},"fnMap":{},"branchMap":{},"s":{"0":1,"1":1,"2":1,"3":1,"4":1,"5":1,"6":1},"f":{},"b":{},"_coverageSchema":"1a1c01bbd47fc00a2c39e90264f33305004495a9","hash":"0c9e408aca0a3cf5207414a3aaad461a17ebfa70"}
,"/home/matheus/dev/TVmaze/test/server/handlers.ts": {"path":"/home/matheus/dev/TVmaze/test/server/handlers.ts","statementMap":{"0":{"start":{"line":5,"column":24},"end":{"line":9,"column":1}},"1":{"start":{"line":7,"column":4},"end":{"line":7,"column":66}}},"fnMap":{"0":{"name":"(anonymous_0)","decl":{"start":{"line":6,"column":48},"end":{"line":6,"column":49}},"loc":{"start":{"line":6,"column":68},"end":{"line":8,"column":3}},"line":6}},"branchMap":{},"s":{"0":1,"1":0},"f":{"0":0},"b":{},"_coverageSchema":"1a1c01bbd47fc00a2c39e90264f33305004495a9","hash":"2cb60389a3a0e8abbe25222262bb54bcb25a1de0"}
,"/home/matheus/dev/TVmaze/test/server/server.ts": {"path":"/home/matheus/dev/TVmaze/test/server/server.ts","statementMap":{"0":{"start":{"line":4,"column":22},"end":{"line":4,"column":46}}},"fnMap":{},"branchMap":{},"s":{"0":1},"f":{},"b":{},"_coverageSchema":"1a1c01bbd47fc00a2c39e90264f33305004495a9","hash":"aa0ff35823bf4c1377b30f464c6f0b24cd945755"}
}
